<?xml version="1.0" encoding="UTF-8"?>
<coverage generated="1515421302422" clover="3.2.0">
  <project timestamp="1515421302423" name="All files">
    <metrics statements="21" coveredstatements="19" conditionals="11" coveredconditionals="6" methods="10" coveredmethods="10" elements="42" coveredelements="35" complexity="0" loc="21" ncloc="21" packages="1" files="1" classes="1">
      <file name="01_aquarium.js" path="/Users/Damien/Workspace/camp2_exercises/06_react_redux/01_es6_fundamentals/01_aquarium/01_aquarium.js">
        <metrics statements="21" coveredstatements="19" conditionals="11" coveredconditionals="6" methods="10" coveredmethods="10"/>
        <line num="5" count="4" type="stmt"/>
        <line num="6" count="4" type="stmt"/>
        <line num="10" count="1" type="stmt"/>
        <line num="14" count="1" type="stmt"/>
        <line num="24" count="2" type="stmt"/>
        <line num="29" count="1" type="cond" truecount="1" falsecount="1"/>
        <line num="30" count="1" type="stmt"/>
        <line num="32" count="0" type="stmt"/>
        <line num="37" count="1" type="cond" truecount="1" falsecount="1"/>
        <line num="38" count="1" type="stmt"/>
        <line num="40" count="0" type="stmt"/>
        <line num="45" count="2" type="stmt"/>
        <line num="46" count="2" type="cond" truecount="2" falsecount="0"/>
        <line num="47" count="1" type="cond" truecount="1" falsecount="1"/>
        <line num="48" count="1" type="stmt"/>
        <line num="51" count="1" type="cond" truecount="1" falsecount="1"/>
        <line num="52" count="1" type="stmt"/>
        <line num="64" count="5" type="stmt"/>
        <line num="65" count="5" type="stmt"/>
        <line num="66" count="5" type="stmt"/>
        <line num="106" count="1" type="stmt"/>
      </file>
    </metrics>
  </project>
</coverage>
