TN:
SF:/Users/Damien/Workspace/camp2_exercises/06_react_redux/01_es6_fundamentals/01_aquarium/01_aquarium.js
FN:4,(anonymous_0)
FN:9,(anonymous_1)
FN:13,(anonymous_2)
FN:17,(anonymous_3)
FN:24,(anonymous_4)
FN:28,(anonymous_5)
FN:36,(anonymous_6)
FN:44,(anonymous_7)
FN:63,(anonymous_8)
FN:71,(anonymous_9)
FNF:10
FNH:10
FNDA:4,(anonymous_0)
FNDA:1,(anonymous_1)
FNDA:1,(anonymous_2)
FNDA:1,(anonymous_3)
FNDA:2,(anonymous_4)
FNDA:1,(anonymous_5)
FNDA:1,(anonymous_6)
FNDA:2,(anonymous_7)
FNDA:5,(anonymous_8)
FNDA:3,(anonymous_9)
DA:5,4
DA:6,4
DA:10,1
DA:14,1
DA:24,2
DA:29,1
DA:30,1
DA:32,0
DA:37,1
DA:38,1
DA:40,0
DA:45,2
DA:46,2
DA:47,1
DA:48,1
DA:51,1
DA:52,1
DA:64,5
DA:65,5
DA:66,5
DA:106,1
LF:21
LH:19
BRDA:29,0,0,1
BRDA:29,0,1,0
BRDA:37,1,0,1
BRDA:37,1,1,0
BRDA:46,2,0,1
BRDA:46,2,1,1
BRDA:47,3,0,1
BRDA:47,3,1,0
BRDA:51,4,0,1
BRDA:51,4,1,0
BRDA:63,5,0,0
BRF:11
BRH:6
end_of_record
