{"/Users/Damien/Workspace/camp2_exercises/06_react_redux/01_es6_fundamentals/02_spread_destructuring/02_spread_destructuring.js": {"path":"/Users/Damien/Workspace/camp2_exercises/06_react_redux/01_es6_fundamentals/02_spread_destructuring/02_spread_destructuring.js","statementMap":{"0":{"start":{"line":7,"column":6},"end":{"line":7,"column":13}},"1":{"start":{"line":9,"column":2},"end":{"line":9,"column":85}},"2":{"start":{"line":12,"column":0},"end":{"line":12,"column":17}},"3":{"start":{"line":15,"column":2},"end":{"line":19,"column":3}},"4":{"start":{"line":16,"column":4},"end":{"line":18,"column":5}},"5":{"start":{"line":17,"column":6},"end":{"line":17,"column":15}},"6":{"start":{"line":21,"column":2},"end":{"line":21,"column":12}},"7":{"start":{"line":24,"column":0},"end":{"line":24,"column":42}},"8":{"start":{"line":27,"column":19},"end":{"line":27,"column":50}},"9":{"start":{"line":28,"column":2},"end":{"line":28,"column":28}},"10":{"start":{"line":29,"column":2},"end":{"line":29,"column":18}},"11":{"start":{"line":32,"column":16},"end":{"line":32,"column":35}},"12":{"start":{"line":33,"column":0},"end":{"line":33,"column":36}},"13":{"start":{"line":34,"column":0},"end":{"line":34,"column":23}},"14":{"start":{"line":37,"column":2},"end":{"line":37,"column":71}},"15":{"start":{"line":40,"column":0},"end":{"line":40,"column":63}},"16":{"start":{"line":42,"column":0},"end":{"line":47,"column":2}}},"fnMap":{"0":{"name":"go","decl":{"start":{"line":2,"column":9},"end":{"line":2,"column":11}},"loc":{"start":{"line":2,"column":21},"end":{"line":10,"column":1}},"line":2},"1":{"name":"lastIndexOf","decl":{"start":{"line":14,"column":9},"end":{"line":14,"column":20}},"loc":{"start":{"line":14,"column":56},"end":{"line":22,"column":1}},"line":14},"2":{"name":"replace","decl":{"start":{"line":26,"column":9},"end":{"line":26,"column":16}},"loc":{"start":{"line":26,"column":44},"end":{"line":30,"column":1}},"line":26},"3":{"name":"copyReplace","decl":{"start":{"line":36,"column":9},"end":{"line":36,"column":20}},"loc":{"start":{"line":36,"column":48},"end":{"line":38,"column":1}},"line":36}},"branchMap":{"0":{"loc":{"start":{"line":5,"column":4},"end":{"line":5,"column":13}},"type":"default-arg","locations":[{"start":{"line":5,"column":12},"end":{"line":5,"column":13}}],"line":5},"1":{"loc":{"start":{"line":6,"column":12},"end":{"line":6,"column":56}},"type":"default-arg","locations":[{"start":{"line":6,"column":54},"end":{"line":6,"column":56}}],"line":6},"2":{"loc":{"start":{"line":6,"column":14},"end":{"line":6,"column":31}},"type":"default-arg","locations":[{"start":{"line":6,"column":27},"end":{"line":6,"column":31}}],"line":6},"3":{"loc":{"start":{"line":6,"column":33},"end":{"line":6,"column":50}},"type":"default-arg","locations":[{"start":{"line":6,"column":46},"end":{"line":6,"column":50}}],"line":6},"4":{"loc":{"start":{"line":14,"column":31},"end":{"line":14,"column":54}},"type":"default-arg","locations":[{"start":{"line":14,"column":40},"end":{"line":14,"column":53}}],"line":14},"5":{"loc":{"start":{"line":16,"column":4},"end":{"line":18,"column":5}},"type":"if","locations":[{"start":{"line":16,"column":4},"end":{"line":18,"column":5}},{"start":{"line":16,"column":4},"end":{"line":18,"column":5}}],"line":16}},"s":{"0":3,"1":3,"2":1,"3":4,"4":8,"5":4,"6":0,"7":1,"8":2,"9":2,"10":2,"11":1,"12":1,"13":1,"14":2,"15":1,"16":1},"f":{"0":3,"1":4,"2":2,"3":2},"b":{"0":[0],"1":[2],"2":[2],"3":[2],"4":[2],"5":[4,4]},"_coverageSchema":"332fd63041d2c1bcb487cc26dd0d5f7d97098a6c","hash":"dd1c25ce21a0706f3eafdb97ef03db70c2a11f16"}
}
