TN:
SF:/Users/Damien/Workspace/camp2_exercises/06_react_redux/01_es6_fundamentals/02_spread_destructuring/02_spread_destructuring.js
FN:2,go
FN:14,lastIndexOf
FN:26,replace
FN:36,copyReplace
FNF:4
FNH:4
FNDA:3,go
FNDA:4,lastIndexOf
FNDA:2,replace
FNDA:2,copyReplace
DA:7,3
DA:9,3
DA:12,1
DA:15,4
DA:16,8
DA:17,4
DA:21,0
DA:24,1
DA:27,2
DA:28,2
DA:29,2
DA:32,1
DA:33,1
DA:34,1
DA:37,2
DA:40,1
DA:42,1
LF:17
LH:16
BRDA:5,0,0,0
BRDA:6,1,0,2
BRDA:6,2,0,2
BRDA:6,3,0,2
BRDA:14,4,0,2
BRDA:16,5,0,4
BRDA:16,5,1,4
BRF:7
BRH:6
end_of_record
